[0m12:43:06.931092 [debug] [MainThread]: Sending event: {'category': 'dbt', 'action': 'invocation', 'label': 'start', 'context': [<snowplow_tracker.self_describing_json.SelfDescribingJson object at 0x10522c790>, <snowplow_tracker.self_describing_json.SelfDescribingJson object at 0x111c59b80>, <snowplow_tracker.self_describing_json.SelfDescribingJson object at 0x111c59a90>]}


============================== 12:43:06.933034 | ae57b252-b578-4204-818c-85c745162d73 ==============================
[0m12:43:06.933034 [info ] [MainThread]: Running with dbt=1.5.4
[0m12:43:06.933366 [debug] [MainThread]: running dbt with arguments {'printer_width': '80', 'indirect_selection': 'eager', 'log_cache_events': 'False', 'write_json': 'True', 'partial_parse': 'True', 'cache_selected_only': 'False', 'warn_error': 'None', 'version_check': 'True', 'fail_fast': 'False', 'log_path': '/Users/margaretchege/Desktop/dbt_project/dbt-demo/demo_dbt/logs', 'debug': 'False', 'profiles_dir': '/Users/margaretchege/.dbt', 'use_colors': 'True', 'use_experimental_parser': 'False', 'no_print': 'None', 'quiet': 'False', 'log_format': 'default', 'static_parser': 'True', 'warn_error_options': 'WarnErrorOptions(include=[], exclude=[])', 'introspect': 'True', 'target_path': 'None', 'send_anonymous_usage_stats': 'True'}
[0m12:43:06.977595 [debug] [MainThread]: Sending event: {'category': 'dbt', 'action': 'project_id', 'label': 'ae57b252-b578-4204-818c-85c745162d73', 'context': [<snowplow_tracker.self_describing_json.SelfDescribingJson object at 0x102c3cc70>]}
[0m12:43:06.986162 [debug] [MainThread]: Sending event: {'category': 'dbt', 'action': 'adapter_info', 'label': 'ae57b252-b578-4204-818c-85c745162d73', 'context': [<snowplow_tracker.self_describing_json.SelfDescribingJson object at 0x111ecfb50>]}
[0m12:43:06.986829 [info ] [MainThread]: Registered adapter: postgres=1.5.4
[0m12:43:06.996646 [debug] [MainThread]: checksum: 5d6b65bf0937b31c1cb174f5650843d5ea9953bdf3de7df3d9ed5979670d6d21, vars: {}, profile: , target: , version: 1.5.4
[0m12:43:06.997046 [info ] [MainThread]: Unable to do partial parsing because saved manifest not found. Starting full parse.
[0m12:43:06.997277 [debug] [MainThread]: Sending event: {'category': 'dbt', 'action': 'partial_parser', 'label': 'ae57b252-b578-4204-818c-85c745162d73', 'context': [<snowplow_tracker.self_describing_json.SelfDescribingJson object at 0x111eec850>]}
[0m12:43:07.309480 [debug] [MainThread]: 1699: static parser successfully parsed example/my_first_dbt_model.sql
[0m12:43:07.316886 [debug] [MainThread]: 1699: static parser successfully parsed example/my_second_dbt_model.sql
[0m12:43:07.359633 [debug] [MainThread]: Sending event: {'category': 'dbt', 'action': 'load_project', 'label': 'ae57b252-b578-4204-818c-85c745162d73', 'context': [<snowplow_tracker.self_describing_json.SelfDescribingJson object at 0x112083ac0>]}
[0m12:43:07.363398 [debug] [MainThread]: Sending event: {'category': 'dbt', 'action': 'resource_counts', 'label': 'ae57b252-b578-4204-818c-85c745162d73', 'context': [<snowplow_tracker.self_describing_json.SelfDescribingJson object at 0x112156460>]}
[0m12:43:07.363663 [info ] [MainThread]: Found 2 models, 4 tests, 0 snapshots, 0 analyses, 307 macros, 0 operations, 0 seed files, 0 sources, 0 exposures, 0 metrics, 0 groups
[0m12:43:07.363893 [debug] [MainThread]: Sending event: {'category': 'dbt', 'action': 'runnable_timing', 'label': 'ae57b252-b578-4204-818c-85c745162d73', 'context': [<snowplow_tracker.self_describing_json.SelfDescribingJson object at 0x112156070>]}
[0m12:43:07.364609 [info ] [MainThread]: 
[0m12:43:07.365029 [debug] [MainThread]: Acquiring new postgres connection 'master'
[0m12:43:07.365573 [debug] [ThreadPool]: Acquiring new postgres connection 'list_dbt_test'
[0m12:43:07.370872 [debug] [ThreadPool]: Using postgres connection "list_dbt_test"
[0m12:43:07.371140 [debug] [ThreadPool]: On list_dbt_test: /* {"app": "dbt", "dbt_version": "1.5.4", "profile_name": "demo_dbt", "target_name": "dev", "connection_name": "list_dbt_test"} */

    select distinct nspname from pg_namespace
  
[0m12:43:07.371317 [debug] [ThreadPool]: Opening a new connection, currently in state init
[0m12:43:07.420655 [debug] [ThreadPool]: SQL status: SELECT 4 in 0.0 seconds
[0m12:43:07.421688 [debug] [ThreadPool]: On list_dbt_test: Close
[0m12:43:07.422568 [debug] [ThreadPool]: Re-using an available connection from the pool (formerly list_dbt_test, now list_dbt_test_public)
[0m12:43:07.426141 [debug] [ThreadPool]: Using postgres connection "list_dbt_test_public"
[0m12:43:07.426353 [debug] [ThreadPool]: On list_dbt_test_public: BEGIN
[0m12:43:07.426521 [debug] [ThreadPool]: Opening a new connection, currently in state closed
[0m12:43:07.431822 [debug] [ThreadPool]: SQL status: BEGIN in 0.0 seconds
[0m12:43:07.431996 [debug] [ThreadPool]: Using postgres connection "list_dbt_test_public"
[0m12:43:07.432157 [debug] [ThreadPool]: On list_dbt_test_public: /* {"app": "dbt", "dbt_version": "1.5.4", "profile_name": "demo_dbt", "target_name": "dev", "connection_name": "list_dbt_test_public"} */
select
      'dbt_test' as database,
      tablename as name,
      schemaname as schema,
      'table' as type
    from pg_tables
    where schemaname ilike 'public'
    union all
    select
      'dbt_test' as database,
      viewname as name,
      schemaname as schema,
      'view' as type
    from pg_views
    where schemaname ilike 'public'
  
[0m12:43:07.439030 [debug] [ThreadPool]: SQL status: SELECT 0 in 0.0 seconds
[0m12:43:07.439778 [debug] [ThreadPool]: On list_dbt_test_public: ROLLBACK
[0m12:43:07.440037 [debug] [ThreadPool]: On list_dbt_test_public: Close
[0m12:43:07.442536 [debug] [MainThread]: Using postgres connection "master"
[0m12:43:07.442744 [debug] [MainThread]: On master: BEGIN
[0m12:43:07.442907 [debug] [MainThread]: Opening a new connection, currently in state init
[0m12:43:07.445348 [debug] [MainThread]: SQL status: BEGIN in 0.0 seconds
[0m12:43:07.445521 [debug] [MainThread]: Using postgres connection "master"
[0m12:43:07.445731 [debug] [MainThread]: On master: /* {"app": "dbt", "dbt_version": "1.5.4", "profile_name": "demo_dbt", "target_name": "dev", "connection_name": "master"} */
with relation as (
        select
            pg_rewrite.ev_class as class,
            pg_rewrite.oid as id
        from pg_rewrite
    ),
    class as (
        select
            oid as id,
            relname as name,
            relnamespace as schema,
            relkind as kind
        from pg_class
    ),
    dependency as (
        select distinct
            pg_depend.objid as id,
            pg_depend.refobjid as ref
        from pg_depend
    ),
    schema as (
        select
            pg_namespace.oid as id,
            pg_namespace.nspname as name
        from pg_namespace
        where nspname != 'information_schema' and nspname not like 'pg\_%'
    ),
    referenced as (
        select
            relation.id AS id,
            referenced_class.name ,
            referenced_class.schema ,
            referenced_class.kind
        from relation
        join class as referenced_class on relation.class=referenced_class.id
        where referenced_class.kind in ('r', 'v')
    ),
    relationships as (
        select
            referenced.name as referenced_name,
            referenced.schema as referenced_schema_id,
            dependent_class.name as dependent_name,
            dependent_class.schema as dependent_schema_id,
            referenced.kind as kind
        from referenced
        join dependency on referenced.id=dependency.id
        join class as dependent_class on dependency.ref=dependent_class.id
        where
            (referenced.name != dependent_class.name or
             referenced.schema != dependent_class.schema)
    )

    select
        referenced_schema.name as referenced_schema,
        relationships.referenced_name as referenced_name,
        dependent_schema.name as dependent_schema,
        relationships.dependent_name as dependent_name
    from relationships
    join schema as dependent_schema on relationships.dependent_schema_id=dependent_schema.id
    join schema as referenced_schema on relationships.referenced_schema_id=referenced_schema.id
    group by referenced_schema, referenced_name, dependent_schema, dependent_name
    order by referenced_schema, referenced_name, dependent_schema, dependent_name;
[0m12:43:07.447918 [debug] [MainThread]: SQL status: SELECT 0 in 0.0 seconds
[0m12:43:07.448519 [debug] [MainThread]: Sending event: {'category': 'dbt', 'action': 'runnable_timing', 'label': 'ae57b252-b578-4204-818c-85c745162d73', 'context': [<snowplow_tracker.self_describing_json.SelfDescribingJson object at 0x112150100>]}
[0m12:43:07.448762 [debug] [MainThread]: On master: ROLLBACK
[0m12:43:07.448972 [debug] [MainThread]: Using postgres connection "master"
[0m12:43:07.449114 [debug] [MainThread]: On master: BEGIN
[0m12:43:07.449508 [debug] [MainThread]: SQL status: BEGIN in 0.0 seconds
[0m12:43:07.449656 [debug] [MainThread]: On master: COMMIT
[0m12:43:07.449799 [debug] [MainThread]: Using postgres connection "master"
[0m12:43:07.449935 [debug] [MainThread]: On master: COMMIT
[0m12:43:07.450158 [debug] [MainThread]: SQL status: COMMIT in 0.0 seconds
[0m12:43:07.450299 [debug] [MainThread]: On master: Close
[0m12:43:07.450631 [info ] [MainThread]: Concurrency: 1 threads (target='dev')
[0m12:43:07.450855 [info ] [MainThread]: 
[0m12:43:07.452961 [debug] [Thread-1  ]: Began running node model.demo_dbt.my_first_dbt_model
[0m12:43:07.453226 [info ] [Thread-1  ]: 1 of 2 START sql table model public.my_first_dbt_model ......................... [RUN]
[0m12:43:07.453597 [debug] [Thread-1  ]: Re-using an available connection from the pool (formerly list_dbt_test_public, now model.demo_dbt.my_first_dbt_model)
[0m12:43:07.453774 [debug] [Thread-1  ]: Began compiling node model.demo_dbt.my_first_dbt_model
[0m12:43:07.458319 [debug] [Thread-1  ]: Writing injected SQL for node "model.demo_dbt.my_first_dbt_model"
[0m12:43:07.458967 [debug] [Thread-1  ]: Timing info for model.demo_dbt.my_first_dbt_model (compile): 12:43:07.453892 => 12:43:07.458854
[0m12:43:07.459160 [debug] [Thread-1  ]: Began executing node model.demo_dbt.my_first_dbt_model
[0m12:43:07.481525 [debug] [Thread-1  ]: Writing runtime sql for node "model.demo_dbt.my_first_dbt_model"
[0m12:43:07.482193 [debug] [Thread-1  ]: Using postgres connection "model.demo_dbt.my_first_dbt_model"
[0m12:43:07.482369 [debug] [Thread-1  ]: On model.demo_dbt.my_first_dbt_model: BEGIN
[0m12:43:07.482528 [debug] [Thread-1  ]: Opening a new connection, currently in state closed
[0m12:43:07.488572 [debug] [Thread-1  ]: SQL status: BEGIN in 0.0 seconds
[0m12:43:07.488745 [debug] [Thread-1  ]: Using postgres connection "model.demo_dbt.my_first_dbt_model"
[0m12:43:07.488921 [debug] [Thread-1  ]: On model.demo_dbt.my_first_dbt_model: /* {"app": "dbt", "dbt_version": "1.5.4", "profile_name": "demo_dbt", "target_name": "dev", "node_id": "model.demo_dbt.my_first_dbt_model"} */

  
    

  create  table "dbt_test"."public"."my_first_dbt_model__dbt_tmp"
  
  
    as
  
  (
    /*
    Welcome to your first dbt model!
    Did you know that you can also configure models directly within SQL files?
    This will override configurations stated in dbt_project.yml

    Try changing "table" to "view" below
*/



with source_data as (

    select 1 as id
    union all
    select null as id

)

select *
from source_data

/*
    Uncomment the line below to remove records with null `id` values
*/

-- where id is not null
  );
  
[0m12:43:07.497946 [debug] [Thread-1  ]: SQL status: SELECT 2 in 0.0 seconds
[0m12:43:07.501286 [debug] [Thread-1  ]: Using postgres connection "model.demo_dbt.my_first_dbt_model"
[0m12:43:07.501495 [debug] [Thread-1  ]: On model.demo_dbt.my_first_dbt_model: /* {"app": "dbt", "dbt_version": "1.5.4", "profile_name": "demo_dbt", "target_name": "dev", "node_id": "model.demo_dbt.my_first_dbt_model"} */
alter table "dbt_test"."public"."my_first_dbt_model__dbt_tmp" rename to "my_first_dbt_model"
[0m12:43:07.502224 [debug] [Thread-1  ]: SQL status: ALTER TABLE in 0.0 seconds
[0m12:43:07.512077 [debug] [Thread-1  ]: On model.demo_dbt.my_first_dbt_model: COMMIT
[0m12:43:07.512297 [debug] [Thread-1  ]: Using postgres connection "model.demo_dbt.my_first_dbt_model"
[0m12:43:07.512477 [debug] [Thread-1  ]: On model.demo_dbt.my_first_dbt_model: COMMIT
[0m12:43:07.513534 [debug] [Thread-1  ]: SQL status: COMMIT in 0.0 seconds
[0m12:43:07.516186 [debug] [Thread-1  ]: Using postgres connection "model.demo_dbt.my_first_dbt_model"
[0m12:43:07.516370 [debug] [Thread-1  ]: On model.demo_dbt.my_first_dbt_model: /* {"app": "dbt", "dbt_version": "1.5.4", "profile_name": "demo_dbt", "target_name": "dev", "node_id": "model.demo_dbt.my_first_dbt_model"} */
drop table if exists "dbt_test"."public"."my_first_dbt_model__dbt_backup" cascade
[0m12:43:07.516865 [debug] [Thread-1  ]: SQL status: DROP TABLE in 0.0 seconds
[0m12:43:07.517787 [debug] [Thread-1  ]: Timing info for model.demo_dbt.my_first_dbt_model (execute): 12:43:07.459281 => 12:43:07.517690
[0m12:43:07.518005 [debug] [Thread-1  ]: On model.demo_dbt.my_first_dbt_model: Close
[0m12:43:07.518435 [debug] [Thread-1  ]: Sending event: {'category': 'dbt', 'action': 'run_model', 'label': 'ae57b252-b578-4204-818c-85c745162d73', 'context': [<snowplow_tracker.self_describing_json.SelfDescribingJson object at 0x1120b9c10>]}
[0m12:43:07.518789 [info ] [Thread-1  ]: 1 of 2 OK created sql table model public.my_first_dbt_model .................... [[32mSELECT 2[0m in 0.06s]
[0m12:43:07.519130 [debug] [Thread-1  ]: Finished running node model.demo_dbt.my_first_dbt_model
[0m12:43:07.519694 [debug] [Thread-1  ]: Began running node model.demo_dbt.my_second_dbt_model
[0m12:43:07.519932 [info ] [Thread-1  ]: 2 of 2 START sql view model public.my_second_dbt_model ......................... [RUN]
[0m12:43:07.520302 [debug] [Thread-1  ]: Re-using an available connection from the pool (formerly model.demo_dbt.my_first_dbt_model, now model.demo_dbt.my_second_dbt_model)
[0m12:43:07.520474 [debug] [Thread-1  ]: Began compiling node model.demo_dbt.my_second_dbt_model
[0m12:43:07.522037 [debug] [Thread-1  ]: Writing injected SQL for node "model.demo_dbt.my_second_dbt_model"
[0m12:43:07.522464 [debug] [Thread-1  ]: Timing info for model.demo_dbt.my_second_dbt_model (compile): 12:43:07.520597 => 12:43:07.522374
[0m12:43:07.522637 [debug] [Thread-1  ]: Began executing node model.demo_dbt.my_second_dbt_model
[0m12:43:07.532874 [debug] [Thread-1  ]: Writing runtime sql for node "model.demo_dbt.my_second_dbt_model"
[0m12:43:07.533447 [debug] [Thread-1  ]: Using postgres connection "model.demo_dbt.my_second_dbt_model"
[0m12:43:07.533620 [debug] [Thread-1  ]: On model.demo_dbt.my_second_dbt_model: BEGIN
[0m12:43:07.533791 [debug] [Thread-1  ]: Opening a new connection, currently in state closed
[0m12:43:07.537888 [debug] [Thread-1  ]: SQL status: BEGIN in 0.0 seconds
[0m12:43:07.538083 [debug] [Thread-1  ]: Using postgres connection "model.demo_dbt.my_second_dbt_model"
[0m12:43:07.538245 [debug] [Thread-1  ]: On model.demo_dbt.my_second_dbt_model: /* {"app": "dbt", "dbt_version": "1.5.4", "profile_name": "demo_dbt", "target_name": "dev", "node_id": "model.demo_dbt.my_second_dbt_model"} */

  create view "dbt_test"."public"."my_second_dbt_model__dbt_tmp"
    
    
  as (
    -- Use the `ref` function to select from other models

select *
from "dbt_test"."public"."my_first_dbt_model"
where id = 1
  );
[0m12:43:07.543217 [debug] [Thread-1  ]: SQL status: CREATE VIEW in 0.0 seconds
[0m12:43:07.544998 [debug] [Thread-1  ]: Using postgres connection "model.demo_dbt.my_second_dbt_model"
[0m12:43:07.545187 [debug] [Thread-1  ]: On model.demo_dbt.my_second_dbt_model: /* {"app": "dbt", "dbt_version": "1.5.4", "profile_name": "demo_dbt", "target_name": "dev", "node_id": "model.demo_dbt.my_second_dbt_model"} */
alter table "dbt_test"."public"."my_second_dbt_model__dbt_tmp" rename to "my_second_dbt_model"
[0m12:43:07.545785 [debug] [Thread-1  ]: SQL status: ALTER TABLE in 0.0 seconds
[0m12:43:07.546700 [debug] [Thread-1  ]: On model.demo_dbt.my_second_dbt_model: COMMIT
[0m12:43:07.546869 [debug] [Thread-1  ]: Using postgres connection "model.demo_dbt.my_second_dbt_model"
[0m12:43:07.547026 [debug] [Thread-1  ]: On model.demo_dbt.my_second_dbt_model: COMMIT
[0m12:43:07.547495 [debug] [Thread-1  ]: SQL status: COMMIT in 0.0 seconds
[0m12:43:07.548695 [debug] [Thread-1  ]: Using postgres connection "model.demo_dbt.my_second_dbt_model"
[0m12:43:07.548880 [debug] [Thread-1  ]: On model.demo_dbt.my_second_dbt_model: /* {"app": "dbt", "dbt_version": "1.5.4", "profile_name": "demo_dbt", "target_name": "dev", "node_id": "model.demo_dbt.my_second_dbt_model"} */
drop view if exists "dbt_test"."public"."my_second_dbt_model__dbt_backup" cascade
[0m12:43:07.549215 [debug] [Thread-1  ]: SQL status: DROP VIEW in 0.0 seconds
[0m12:43:07.549881 [debug] [Thread-1  ]: Timing info for model.demo_dbt.my_second_dbt_model (execute): 12:43:07.522746 => 12:43:07.549792
[0m12:43:07.550052 [debug] [Thread-1  ]: On model.demo_dbt.my_second_dbt_model: Close
[0m12:43:07.550407 [debug] [Thread-1  ]: Sending event: {'category': 'dbt', 'action': 'run_model', 'label': 'ae57b252-b578-4204-818c-85c745162d73', 'context': [<snowplow_tracker.self_describing_json.SelfDescribingJson object at 0x112286cd0>]}
[0m12:43:07.550697 [info ] [Thread-1  ]: 2 of 2 OK created sql view model public.my_second_dbt_model .................... [[32mCREATE VIEW[0m in 0.03s]
[0m12:43:07.551016 [debug] [Thread-1  ]: Finished running node model.demo_dbt.my_second_dbt_model
[0m12:43:07.551757 [debug] [MainThread]: Using postgres connection "master"
[0m12:43:07.551898 [debug] [MainThread]: On master: BEGIN
[0m12:43:07.552073 [debug] [MainThread]: Opening a new connection, currently in state closed
[0m12:43:07.556208 [debug] [MainThread]: SQL status: BEGIN in 0.0 seconds
[0m12:43:07.556453 [debug] [MainThread]: On master: COMMIT
[0m12:43:07.556588 [debug] [MainThread]: Using postgres connection "master"
[0m12:43:07.556712 [debug] [MainThread]: On master: COMMIT
[0m12:43:07.556910 [debug] [MainThread]: SQL status: COMMIT in 0.0 seconds
[0m12:43:07.557036 [debug] [MainThread]: On master: Close
[0m12:43:07.557339 [debug] [MainThread]: Connection 'master' was properly closed.
[0m12:43:07.557535 [debug] [MainThread]: Connection 'model.demo_dbt.my_second_dbt_model' was properly closed.
[0m12:43:07.557703 [info ] [MainThread]: 
[0m12:43:07.557914 [info ] [MainThread]: Finished running 1 table model, 1 view model in 0 hours 0 minutes and 0.19 seconds (0.19s).
[0m12:43:07.558331 [debug] [MainThread]: Command end result
[0m12:43:07.561286 [info ] [MainThread]: 
[0m12:43:07.561549 [info ] [MainThread]: [32mCompleted successfully[0m
[0m12:43:07.561756 [info ] [MainThread]: 
[0m12:43:07.561976 [info ] [MainThread]: Done. PASS=2 WARN=0 ERROR=0 SKIP=0 TOTAL=2
[0m12:43:07.562320 [debug] [MainThread]: Command `dbt run` succeeded at 12:43:07.562277 after 0.65 seconds
[0m12:43:07.562493 [debug] [MainThread]: Sending event: {'category': 'dbt', 'action': 'invocation', 'label': 'end', 'context': [<snowplow_tracker.self_describing_json.SelfDescribingJson object at 0x10522c790>, <snowplow_tracker.self_describing_json.SelfDescribingJson object at 0x111ecfb50>, <snowplow_tracker.self_describing_json.SelfDescribingJson object at 0x1121560d0>]}
[0m12:43:07.562667 [debug] [MainThread]: Flushing usage events
[0m12:55:42.428066 [debug] [MainThread]: Sending event: {'category': 'dbt', 'action': 'invocation', 'label': 'start', 'context': [<snowplow_tracker.self_describing_json.SelfDescribingJson object at 0x106ddcdc0>, <snowplow_tracker.self_describing_json.SelfDescribingJson object at 0x1080fa100>, <snowplow_tracker.self_describing_json.SelfDescribingJson object at 0x1080fa5e0>]}


============================== 12:55:42.430634 | 50e98f80-11a9-4acd-be32-242e53364710 ==============================
[0m12:55:42.430634 [info ] [MainThread]: Running with dbt=1.5.4
[0m12:55:42.430977 [debug] [MainThread]: running dbt with arguments {'printer_width': '80', 'indirect_selection': 'eager', 'log_cache_events': 'False', 'write_json': 'True', 'partial_parse': 'True', 'cache_selected_only': 'False', 'profiles_dir': '/Users/margaretchege/.dbt', 'version_check': 'True', 'fail_fast': 'False', 'log_path': '/Users/margaretchege/Desktop/dbt_project/dbt-demo/demo_dbt/logs', 'warn_error': 'None', 'debug': 'False', 'use_colors': 'True', 'use_experimental_parser': 'False', 'no_print': 'None', 'quiet': 'False', 'warn_error_options': 'WarnErrorOptions(include=[], exclude=[])', 'static_parser': 'True', 'log_format': 'default', 'introspect': 'True', 'target_path': 'None', 'send_anonymous_usage_stats': 'True'}
[0m12:55:42.431266 [info ] [MainThread]: dbt version: 1.5.4
[0m12:55:42.431447 [info ] [MainThread]: python version: 3.9.18
[0m12:55:42.431617 [info ] [MainThread]: python path: /opt/homebrew/Cellar/dbt-postgres/1.5.4/libexec/bin/python
[0m12:55:42.431782 [info ] [MainThread]: os info: macOS-13.5-arm64-arm-64bit
[0m12:55:42.431948 [info ] [MainThread]: Using profiles.yml file at /Users/margaretchege/.dbt/profiles.yml
[0m12:55:42.432116 [info ] [MainThread]: Using dbt_project.yml file at /Users/margaretchege/Desktop/dbt_project/dbt-demo/demo_dbt/dbt_project.yml
[0m12:55:42.432287 [info ] [MainThread]: Configuration:
[0m12:55:42.470604 [info ] [MainThread]:   profiles.yml file [[32mOK found and valid[0m]
[0m12:55:42.484138 [info ] [MainThread]:   dbt_project.yml file [[32mOK found and valid[0m]
[0m12:55:42.484387 [info ] [MainThread]: Required dependencies:
[0m12:55:42.484636 [debug] [MainThread]: Executing "git --help"
[0m12:55:42.498298 [debug] [MainThread]: STDOUT: "b"usage: git [-v | --version] [-h | --help] [-C <path>] [-c <name>=<value>]\n           [--exec-path[=<path>]] [--html-path] [--man-path] [--info-path]\n           [-p | --paginate | -P | --no-pager] [--no-replace-objects] [--bare]\n           [--git-dir=<path>] [--work-tree=<path>] [--namespace=<name>]\n           [--config-env=<name>=<envvar>] <command> [<args>]\n\nThese are common Git commands used in various situations:\n\nstart a working area (see also: git help tutorial)\n   clone     Clone a repository into a new directory\n   init      Create an empty Git repository or reinitialize an existing one\n\nwork on the current change (see also: git help everyday)\n   add       Add file contents to the index\n   mv        Move or rename a file, a directory, or a symlink\n   restore   Restore working tree files\n   rm        Remove files from the working tree and from the index\n\nexamine the history and state (see also: git help revisions)\n   bisect    Use binary search to find the commit that introduced a bug\n   diff      Show changes between commits, commit and working tree, etc\n   grep      Print lines matching a pattern\n   log       Show commit logs\n   show      Show various types of objects\n   status    Show the working tree status\n\ngrow, mark and tweak your common history\n   branch    List, create, or delete branches\n   commit    Record changes to the repository\n   merge     Join two or more development histories together\n   rebase    Reapply commits on top of another base tip\n   reset     Reset current HEAD to the specified state\n   switch    Switch branches\n   tag       Create, list, delete or verify a tag object signed with GPG\n\ncollaborate (see also: git help workflows)\n   fetch     Download objects and refs from another repository\n   pull      Fetch from and integrate with another repository or a local branch\n   push      Update remote refs along with associated objects\n\n'git help -a' and 'git help -g' list available subcommands and some\nconcept guides. See 'git help <command>' or 'git help <concept>'\nto read about a specific subcommand or concept.\nSee 'git help git' for an overview of the system.\n""
[0m12:55:42.498840 [debug] [MainThread]: STDERR: "b''"
[0m12:55:42.499008 [info ] [MainThread]:  - git [[32mOK found[0m]

[0m12:55:42.499215 [info ] [MainThread]: Connection:
[0m12:55:42.499446 [info ] [MainThread]:   host: localhost
[0m12:55:42.499621 [info ] [MainThread]:   port: 5432
[0m12:55:42.499787 [info ] [MainThread]:   user: postgres
[0m12:55:42.499947 [info ] [MainThread]:   database: dbt_test
[0m12:55:42.500108 [info ] [MainThread]:   schema: public
[0m12:55:42.500278 [info ] [MainThread]:   search_path: None
[0m12:55:42.500442 [info ] [MainThread]:   keepalives_idle: 0
[0m12:55:42.500602 [info ] [MainThread]:   sslmode: None
[0m12:55:42.501403 [info ] [MainThread]: Registered adapter: postgres=1.5.4
[0m12:55:42.504710 [debug] [MainThread]: Acquiring new postgres connection 'debug'
[0m12:55:42.505270 [debug] [MainThread]: Using postgres connection "debug"
[0m12:55:42.505432 [debug] [MainThread]: On debug: select 1 as id
[0m12:55:42.505565 [debug] [MainThread]: Opening a new connection, currently in state init
[0m12:55:42.555704 [debug] [MainThread]: SQL status: SELECT 1 in 0.0 seconds
[0m12:55:42.556722 [debug] [MainThread]: On debug: Close
[0m12:55:42.556931 [info ] [MainThread]:   Connection test: [[32mOK connection ok[0m]

[0m12:55:42.557134 [info ] [MainThread]: [32mAll checks passed![0m
[0m12:55:42.557628 [debug] [MainThread]: Command `dbt debug` succeeded at 12:55:42.557561 after 0.15 seconds
[0m12:55:42.557806 [debug] [MainThread]: Connection 'debug' was properly closed.
[0m12:55:42.557982 [debug] [MainThread]: Sending event: {'category': 'dbt', 'action': 'invocation', 'label': 'end', 'context': [<snowplow_tracker.self_describing_json.SelfDescribingJson object at 0x106ddcdc0>, <snowplow_tracker.self_describing_json.SelfDescribingJson object at 0x108329a30>, <snowplow_tracker.self_describing_json.SelfDescribingJson object at 0x108329bb0>]}
[0m12:55:42.558211 [debug] [MainThread]: Flushing usage events
